<?xml version="1.0" encoding="UTF-8"?>
<!-- Generated by org.testng.reporters.JUnitReportReporter -->
<testsuite hostname="WSAMZN-HLBJ87PA" failures="0" tests="2" name="com.Framework.Automation.AppTest" time="46.804" errors="0" timestamp="2022-01-06T13:29:31 SAST" skipped="0">
  <testcase classname="com.Framework.Automation.AppTest" name="Login" time="8.921"/>
  <system-out/>
  <testcase classname="com.Framework.Automation.AppTest" name="shop" time="37.883"/>
  <system-out>
    <![CDATA[Successfully opened tab 2 
Test passed successfully ]]>
  </system-out>
</testsuite> <!-- com.Framework.Automation.AppTest -->
